build/app/outputs/mapping/release/mapping.txt
# compiler: R8
# compiler_version: 1.5.64
# min_api: 16
# pg_map_id: 64c9f21
com.forudevapp.steria.MainActivity -> com.forudevapp.steria.MainActivity:
    void configureFlutterEngine(io.flutter.embedding.engine.FlutterEngine) -> b
...
com.google.android.gms.internal.ads.zzazh -> com.google.android.gms.internal.ads.bo:
    int zzdsy -> e
    com.google.android.gms.internal.ads.zzayw zzebe -> d
com.google.android.gms.internal.ads.zzazi -> com.google.android.gms.internal.ads.co:
    com.google.android.gms.internal.ads.zzazj zzebh -> b
    javax.net.ssl.SSLSocketFactory zzebg -> a
    java.net.Socket zza(java.net.Socket) -> a
com.google.android.gms.internal.ads.zzazj -> com.google.android.gms.internal.ads.do:
    int zzebj -> o
    com.google.android.gms.internal.ads.zznq zzbfc -> f
    long zzbfh -> l
    long zzbfg -> k
    boolean zzbff -> j
    java.net.HttpURLConnection zzbfd -> h
    java.util.regex.Pattern zzbet -> q
    javax.net.ssl.SSLSocketFactory zzebi -> a
    int zzbew -> b
    int zzbex -> c
    java.io.InputStream zzbfe -> i
    com.google.android.gms.internal.ads.zznk zzbfb -> e
    java.util.Set zzebk -> p
    java.util.concurrent.atomic.AtomicReference zzbeu -> r
    com.google.android.gms.internal.ads.zznh zzbes -> g
    long zzcc -> n
    long zzbfi -> m
    java.lang.String zzbey -> d
    int read(byte[],int,int) -> a
    void setReceiveBufferSize(int) -> a
    int zza(com.google.android.gms.internal.ads.zzazj) -> a
    long zza(com.google.android.gms.internal.ads.zznh) -> a
    void zza(com.google.android.gms.internal.ads.zzazj,java.net.Socket) -> a
    void zzb(java.net.Socket) -> a
    long zzc(java.net.HttpURLConnection) -> a
    void zzia() -> a
    android.net.Uri getUri() -> g
com.google.android.gms.internal.ads.zzazk -> com.google.android.gms.internal.ads.eo:
    void zzb(boolean,long) -> a
com.google.android.gms.internal.ads.zzazl -> com.google.android.gms.internal.ads.fo:
    android.net.Uri uri -> g
    android.content.Context zzlk -> c
    com.google.android.gms.internal.ads.zznq zzebn -> e
    java.io.InputStream zzebl -> a
    boolean isOpen -> b
    com.google.android.gms.internal.ads.zznc zzebm -> d
    com.google.android.gms.internal.ads.zzazk zzebo -> f
    int read(byte[],int,int) -> a
    long zza(com.google.android.gms.internal.ads.zznh) -> a
    android.net.Uri getUri() -> g
com.google.android.gms.internal.ads.zzazm -> com.google.android.gms.internal.ads.go:
    int bytesTransferred -> n
    java.nio.ByteBuffer zzebw -> k
    com.google.android.gms.internal.ads.zzmq zzebu -> h
    boolean zzebx -> l
    com.google.android.gms.internal.ads.zzgv zzebt -> g
    android.content.Context zzlk -> d
    com.google.android.gms.internal.ads.zzazn zzebr -> e
    com.google.android.gms.internal.ads.zzayq zzeaw -> i
    com.google.android.gms.internal.ads.zzazu zzeby -> m
    com.google.android.gms.internal.ads.zzgv zzebs -> f
    java.util.Set zzebz -> o
    com.google.android.gms.internal.ads.zzge zzebv -> j
    int zzebp -> p
    int zzebq -> q
    com.google.android.gms.internal.ads.zznc zza(com.google.android.gms.internal.ads.zznf) -> a
    void zza(int,int,int,float) -> a
    void zza(android.view.Surface) -> a
    void zza(android.view.Surface,boolean) -> a
    void zza(com.google.android.gms.internal.ads.zzazu) -> a
    void zza(com.google.android.gms.internal.ads.zzgb) -> a
    void zza(com.google.android.gms.internal.ads.zzgw) -> a
    void zza(com.google.android.gms.internal.ads.zzha,java.lang.Object) -> a
    void zza(com.google.android.gms.internal.ads.zzmi,com.google.android.gms.internal.ads.zzmx) -> a
    void zza(java.lang.Object,com.google.android.gms.internal.ads.zznh) -> a
    void zza(boolean,int) -> a
    void zza(android.net.Uri[],java.lang.String) -> a
    void zza(android.net.Uri[],java.lang.String,java.nio.ByteBuffer,boolean) -> a